<?xml version="1.0" encoding="UTF-8"?>
<testsuite xmlns:xsi="http://www.w3.org/2001/XMLSchema-instance" xsi:noNamespaceSchemaLocation="https://maven.apache.org/surefire/maven-surefire-plugin/xsd/surefire-test-report-3.0.xsd" version="3.0" name="edu.xmu.arch.hw8.IocDipDiDemoApplicationTests" time="5.543" tests="1" errors="0" skipped="0" failures="0">
  <properties>
[...]
</properties>
  <testcase name="contextLoads" classname="edu.xmu.arch.hw8.IocDipDiDemoApplicationTests" time="3.472">
    <system-out><![CDATA[17:19:28.655 [main] INFO org.springframework.test.context.support.AnnotationConfigContextLoaderUtils -- Could not detect default configuration classes for test class [edu.xmu.arch.hw8.IocDipDiDemoApplicationTests]: IocDipDiDemoApplicationTests does not declare any static, non-private, non-final, nested classes annotated with @Configuration.
17:19:28.735 [main] INFO org.springframework.boot.test.context.SpringBootTestContextBootstrapper -- Found @SpringBootConfiguration edu.xmu.arch.hw8.IocDipDiDemoApplication for test class edu.xmu.arch.hw8.IocDipDiDemoApplicationTests

  .   ____          _            __ _ _
 /\\ / ___'_ __ _ _(_)_ __  __ _ \ \ \ \
( ( )\___ | '_ | '_| | '_ \/ _` | \ \ \ \
 \\/  ___)| |_)| | | | | || (_| |  ) ) ) )
  '  |____| .__|_| |_|_| |_\__, | / / / /
 =========|_|==============|___/=/_/_/_/
 :: Spring Boot ::                (v3.2.5)

2026-05-09T17:19:29.085+08:00  INFO 40396 --- [hw8-ioc-dip-di-demo] [           main] e.x.a.hw8.IocDipDiDemoApplicationTests   : Starting IocDipDiDemoApplicationTests using Java 21.0.8 with PID 40396 (started by 15379 in E:\大三下提交\软件体系结构\提交\作业8)
2026-05-09T17:19:29.086+08:00  INFO 40396 --- [hw8-ioc-dip-di-demo] [           main] e.x.a.hw8.IocDipDiDemoApplicationTests   : No active profile set, falling back to 1 default profile: "default"
2026-05-09T17:19:30.151+08:00  INFO 40396 --- [hw8-ioc-dip-di-demo] [           main] o.s.b.w.embedded.tomcat.TomcatWebServer  : Tomcat initialized with port 0 (http)
2026-05-09T17:19:30.162+08:00  INFO 40396 --- [hw8-ioc-dip-di-demo] [           main] o.apache.catalina.core.StandardService   : Starting service [Tomcat]
2026-05-09T17:19:30.163+08:00  INFO 40396 --- [hw8-ioc-dip-di-demo] [           main] o.apache.catalina.core.StandardEngine    : Starting Servlet engine: [Apache Tomcat/10.1.20]
2026-05-09T17:19:30.212+08:00  INFO 40396 --- [hw8-ioc-dip-di-demo] [           main] o.a.c.c.C.[Tomcat].[localhost].[/]       : Initializing Spring embedded WebApplicationContext
2026-05-09T17:19:30.213+08:00  INFO 40396 --- [hw8-ioc-dip-di-demo] [           main] w.s.c.ServletWebServerApplicationContext : Root WebApplicationContext: initialization completed in 1109 ms
2026-05-09T17:19:30.306+08:00  INFO 40396 --- [hw8-ioc-dip-di-demo] [           main] o.s.b.a.w.s.WelcomePageHandlerMapping    : Adding welcome page: class path resource [static/index.html]
2026-05-09T17:19:30.571+08:00  INFO 40396 --- [hw8-ioc-dip-di-demo] [           main] o.s.b.w.embedded.tomcat.TomcatWebServer  : Tomcat started on port 57946 (http) with context path ''
2026-05-09T17:19:30.579+08:00  INFO 40396 --- [hw8-ioc-dip-di-demo] [           main] e.x.a.hw8.IocDipDiDemoApplicationTests   : Started IocDipDiDemoApplicationTests in 1.726 seconds (process running for 2.496)
]]></system-out>
    <system-err><![CDATA[WARNING: A Java agent has been loaded dynamically (C:\Users\15379\.m2\repository\net\bytebuddy\byte-buddy-agent\1.14.13\byte-buddy-agent-1.14.13.jar)
WARNING: If a serviceability tool is in use, please run with -XX:+EnableDynamicAgentLoading to hide this warning
WARNING: If a serviceability tool is not in use, please run with -Djdk.instrument.traceUsage for more information
WARNING: Dynamic loading of agents will be disallowed by default in a future release
]]></system-err>
  </testcase>
</testsuite>